
> bonaventure.dev@0.1.0 build
> next build

node.exe : ΓÜá 
`images.domains` is 
deprecated in favor of 
`images.remotePatterns`
. Please update 
next.config.ts to 
protect your 
application from 
malicious users.
At C:\Program Files\nod
ejs\npm.ps1:29 char:3
+   & $NODE_EXE 
$NPM_CLI_JS $args
+   ~~~~~~~~~~~~~~~~~~~
~~~~~~~~~~
    + CategoryInfo     
         : NotSpecifi  
  ed: (ΓÜá `images.d   
 om...alicious user    
s.:String) [], Rem    
oteException
    + FullyQualifiedEr 
   rorId : NativeComm  
  andError
 
Γû▓ Next.js 16.1.6 (Turbopack)
- Environments: .env

  Creating an optimized production build ...

> Build error occurred
Error: Turbopack build 
failed with 1 errors:
./src/app/dashboard/cas
e-studies/[id]/page.tsx
:4:1
Module not found: 
Can't resolve '../../..
/dashboard.styles'
[0m [90m 2 |[39m 
[36mimport[39m [33mR
eact[39m[33m,[39m { 
useState[33m,[39m 
useEffect } 
[36mfrom[39m [32m"re
act"[39m[33m;[39m
 [90m 3 |[39m 
[36mimport[39m 
styled [36mfrom[39m 
[32m"styled-components"
[39m[33m;[39m
[31m[1m>[22m[39m[9
0m 4 |[39m 
[36mimport[39m { [33
mPageContainer[39m } 
[36mfrom[39m [32m"..
/../../dashboard.styles
"[39m[33m;[39m
 [90m   |[39m [31m[
1m^[22m[39m[31m[1m^
[22m[39m[31m[1m^[2
2m[39m[31m[1m^[22m
[39m[31m[1m^[22m[39
m[31m[1m^[22m[39m[
31m[1m^[22m[39m[31m
[1m^[22m[39m[31m[1
m^[22m[39m[31m[1m^
[22m[39m[31m[1m^[22
m[39m[31m[1m^[22m[
39m[31m[1m^[22m[39m
[31m[1m^[22m[39m[3
1m[1m^[22m[39m[31m
[1m^[22m[39m[31m[1m
^[22m[39m[31m[1m^[
22m[39m[31m[1m^[22m
[39m[31m[1m^[22m[3
9m[31m[1m^[22m[39m
[31m[1m^[22m[39m[31
m[1m^[22m[39m[31m[
1m^[22m[39m[31m[1m^
[22m[39m[31m[1m^[2
2m[39m[31m[1m^[22m
[39m[31m[1m^[22m[39
m[31m[1m^[22m[39m[
31m[1m^[22m[39m[31m
[1m^[22m[39m[31m[1
m^[22m[39m[31m[1m^
[22m[39m[31m[1m^[22
m[39m[31m[1m^[22m[
39m[31m[1m^[22m[39m
[31m[1m^[22m[39m[3
1m[1m^[22m[39m[31m
[1m^[22m[39m[31m[1m
^[22m[39m[31m[1m^[
22m[39m[31m[1m^[22m
[39m[31m[1m^[22m[3
9m[31m[1m^[22m[39m
[31m[1m^[22m[39m[31
m[1m^[22m[39m[31m[
1m^[22m[39m[31m[1m^
[22m[39m[31m[1m^[2
2m[39m[31m[1m^[22m
[39m[31m[1m^[22m[39
m[31m[1m^[22m[39m[
31m[1m^[22m[39m[31m
[1m^[22m[39m[31m[1
m^[22m[39m[31m[1m^
[22m[39m[31m[1m^[22
m[39m[31m[1m^[22m[
39m
 [90m 5 |[39m 
[36mimport[39m { 
supabase } 
[36mfrom[39m [32m"@/
utils/supabase"[39m[3
3m;[39m
 [90m 6 |[39m 
[36mimport[39m { 
useRouter[33m,[39m 
useParams } 
[36mfrom[39m [32m"ne
xt/navigation"[39m[33
m;[39m
 [90m 7 |[39m[0m



Import traces:
  Client Component 
Browser:
    ./src/app/dashboard
/case-studies/[id]/page
.tsx [Client Component 
Browser]
    ./src/app/dashboard
/case-studies/[id]/page
.tsx [Server Component]

  Client Component SSR:
    ./src/app/dashboard
/case-studies/[id]/page
.tsx [Client Component 
SSR]
    ./src/app/dashboard
/case-studies/[id]/page
.tsx [Server Component]

https://nextjs.org/docs
/messages/module-not-fo
und


    at <unknown> (./src
/app/dashboard/case-stu
dies/[id]/page.tsx:4:1)
    at <unknown> (https
://nextjs.org/docs/mess
ages/module-not-found)
